{
  "stats": {
    "suites": 1,
    "tests": 1,
    "passes": 1,
    "pending": 0,
    "failures": 0,
    "start": "2023-06-25T06:14:06.427Z",
    "end": "2023-06-25T06:14:12.091Z",
    "duration": 5664,
    "testsRegistered": 1,
    "passPercent": 100,
    "pendingPercent": 0,
    "other": 0,
    "hasOther": false,
    "skipped": 0,
    "hasSkipped": false
  },
  "results": [
    {
      "uuid": "eb0eb885-8fce-4ef6-a60d-49a44fbb87ce",
      "title": "",
      "fullFile": "cypress\\e2e\\asertion.cy.js",
      "file": "cypress\\e2e\\asertion.cy.js",
      "beforeHooks": [],
      "afterHooks": [],
      "tests": [],
      "suites": [
        {
          "uuid": "7d1e09a7-f1c5-48f8-9603-7366278fcc6e",
          "title": "Html report test",
          "fullFile": "",
          "file": "",
          "beforeHooks": [],
          "afterHooks": [],
          "tests": [
            {
              "title": "Use case for report",
              "fullTitle": "Html report test Use case for report",
              "timedOut": null,
              "duration": 2492,
              "state": "passed",
              "speed": "fast",
              "pass": true,
              "fail": false,
              "pending": false,
              "context": null,
              "code": "cy.visit(Cypress.env('base_url'));\ncy.contains('cont').click();",
              "err": {},
              "uuid": "cef643f2-7edf-452f-a4ee-d5cb53e19b35",
              "parentUUID": "7d1e09a7-f1c5-48f8-9603-7366278fcc6e",
              "isHook": false,
              "skipped": false
            }
          ],
          "suites": [],
          "passes": [
            "cef643f2-7edf-452f-a4ee-d5cb53e19b35"
          ],
          "failures": [],
          "pending": [],
          "skipped": [],
          "duration": 2492,
          "root": false,
          "rootEmpty": false,
          "_timeout": 2000
        }
      ],
      "passes": [],
      "failures": [],
      "pending": [],
      "skipped": [],
      "duration": 0,
      "root": true,
      "rootEmpty": true,
      "_timeout": 2000
    }
  ],
  "meta": {
    "mocha": {
      "version": "7.0.1"
    },
    "mochawesome": {
      "options": {
        "quiet": false,
        "reportFilename": "mochawesome",
        "saveHtml": false,
        "saveJson": true,
        "consoleReporter": "spec",
        "useInlineDiffs": false,
        "code": true
      },
      "version": "7.1.3"
    },
    "marge": {
      "options": {
        "charts": true,
        "overwrite": false,
        "html": false,
        "json": true,
        "reportDir": "cypress/report/mochawesome-report"
      },
      "version": "6.2.0"
    }
  }
}